\BOOKMARK [1][-]{Doc-Start}{Abstract}{}% 1
\BOOKMARK [1][-]{Doc-Start}{Acknowledgements}{}% 2
\BOOKMARK [1][-]{section*.1}{List of Figures}{}% 3
\BOOKMARK [1][-]{section*.2}{List of Tables}{}% 4
\BOOKMARK [1][-]{section.1}{Introduction}{}% 5
\BOOKMARK [2][-]{subsection.1.1}{Introducing synthetic aperture radar systems}{section.1}% 6
\BOOKMARK [2][-]{subsection.1.2}{A typical SAR system}{section.1}% 7
\BOOKMARK [2][-]{subsection.1.3}{Problem statement}{section.1}% 8
\BOOKMARK [2][-]{subsection.1.4}{Thesis scope}{section.1}% 9
\BOOKMARK [2][-]{subsection.1.5}{Thesis outline}{section.1}% 10
\BOOKMARK [2][-]{subsection.1.6}{Research questions}{section.1}% 11
\BOOKMARK [2][-]{subsection.1.7}{Methodology}{section.1}% 12
\BOOKMARK [1][-]{section.2}{Background and related work}{}% 13
\BOOKMARK [2][-]{subsection.2.1}{The radar range equation}{section.2}% 14
\BOOKMARK [2][-]{subsection.2.2}{Signal waveforms}{section.2}% 15
\BOOKMARK [2][-]{subsection.2.3}{Azimuth doppler effects}{section.2}% 16
\BOOKMARK [2][-]{subsection.2.4}{Time-bandwidth product effects}{section.2}% 17
\BOOKMARK [2][-]{subsection.2.5}{Pulse compression}{section.2}% 18
\BOOKMARK [2][-]{subsection.2.6}{Pulse repetition frequency and resolution}{section.2}% 19
\BOOKMARK [2][-]{subsection.2.7}{Radio frequency interference suppression}{section.2}% 20
\BOOKMARK [2][-]{subsection.2.8}{SAR imaging}{section.2}% 21
\BOOKMARK [3][-]{subsubsection.2.8.1}{Global Backprojection}{subsection.2.8}% 22
\BOOKMARK [3][-]{subsubsection.2.8.2}{Local Backprojection}{subsection.2.8}% 23
\BOOKMARK [2][-]{subsection.2.9}{SAR image apodization}{section.2}% 24
\BOOKMARK [2][-]{subsection.2.10}{Related work}{section.2}% 25
\BOOKMARK [2][-]{subsection.2.11}{Sources of RF interference}{section.2}% 26
\BOOKMARK [1][-]{section.3}{System description}{}% 27
\BOOKMARK [2][-]{subsection.3.1}{System requirements}{section.3}% 28
\BOOKMARK [2][-]{subsection.3.2}{System model and design}{section.3}% 29
\BOOKMARK [2][-]{subsection.3.3}{Implementation of system model}{section.3}% 30
\BOOKMARK [2][-]{subsection.3.4}{Verification of system model}{section.3}% 31
\BOOKMARK [2][-]{subsection.3.5}{Hardware description}{section.3}% 32
\BOOKMARK [3][-]{subsubsection.3.5.1}{Antenna far-field calculation}{subsection.3.5}% 33
\BOOKMARK [1][-]{section.4}{Problem solution}{}% 34
\BOOKMARK [2][-]{subsection.4.1}{Test scenarios}{section.4}% 35
\BOOKMARK [3][-]{subsubsection.4.1.1}{Test case }{subsection.4.1}% 36
\BOOKMARK [3][-]{subsubsection.4.1.2}{Test case }{subsection.4.1}% 37
\BOOKMARK [3][-]{subsubsection.4.1.3}{Test case }{subsection.4.1}% 38
\BOOKMARK [3][-]{subsubsection.4.1.4}{Test case }{subsection.4.1}% 39
\BOOKMARK [2][-]{subsection.4.2}{Creating a matched signal wavform for pulse compression}{section.4}% 40
\BOOKMARK [2][-]{subsection.4.3}{Applying digital filters}{section.4}% 41
\BOOKMARK [2][-]{subsection.4.4}{Generating an image}{section.4}% 42
\BOOKMARK [2][-]{subsection.4.5}{Specifying parameter requirements}{section.4}% 43
\BOOKMARK [1][-]{section.5}{Real-time implementation}{}% 44
\BOOKMARK [2][-]{subsection.5.1}{Verification of implementation}{section.5}% 45
\BOOKMARK [1][-]{section.6}{Managing fuzzy scanning}{}% 46
\BOOKMARK [1][-]{section.7}{Results}{}% 47
\BOOKMARK [1][-]{section.8}{Future work}{}% 48
\BOOKMARK [1][-]{appendix.A}{Radio frequency spectrum in Sweden}{}% 49
\BOOKMARK [1][-]{appendix.B}{Matlab and Scilab source code}{}% 50
\BOOKMARK [1][-]{appendix.C}{Real-time implementation source code}{}% 51
